INFO: 2025/04/27 21:33:36 middleware.go:48: [GIN] 2025/04/27 - 21:33:36 | 201 |  129.413083ms |             ::1 | POST    /api/auth/register 
INFO: 2025/04/27 21:34:15 middleware.go:48: [GIN] 2025/04/27 - 21:34:15 | 200 |  108.234666ms |             ::1 | POST    /api/auth/login 
INFO: 2025/04/27 21:34:15 middleware.go:48: [GIN] 2025/04/27 - 21:34:15 | 401 |      11.333µs |             ::1 | GET     /api/products 
INFO: 2025/04/27 21:34:16 middleware.go:48: [GIN] 2025/04/27 - 21:34:16 | 401 |      66.833µs |             ::1 | GET     /api/products 
INFO: 2025/04/27 21:34:18 middleware.go:48: [GIN] 2025/04/27 - 21:34:18 | 401 |      51.875µs |             ::1 | GET     /api/products 
INFO: 2025/04/27 21:34:22 middleware.go:48: [GIN] 2025/04/27 - 21:34:22 | 401 |     531.291µs |             ::1 | GET     /api/products 
INFO: 2025/04/27 21:34:49 middleware.go:48: [GIN] 2025/04/27 - 21:34:49 | 200 |   98.974167ms |             ::1 | POST    /api/auth/login 
INFO: 2025/04/27 21:34:49 middleware.go:48: [GIN] 2025/04/27 - 21:34:49 | 401 |      74.791µs |             ::1 | GET     /api/products 
INFO: 2025/04/27 21:34:50 middleware.go:48: [GIN] 2025/04/27 - 21:34:50 | 401 |       28.75µs |             ::1 | GET     /api/products 
INFO: 2025/04/27 21:34:52 middleware.go:48: [GIN] 2025/04/27 - 21:34:52 | 401 |       91.25µs |             ::1 | GET     /api/products 
INFO: 2025/04/27 21:34:56 middleware.go:48: [GIN] 2025/04/27 - 21:34:56 | 401 |      38.791µs |             ::1 | GET     /api/products 
INFO: 2025/04/27 21:42:10 middleware.go:48: [GIN] 2025/04/27 - 21:42:10 | 200 |  101.495125ms |             ::1 | POST    /api/auth/login 
INFO: 2025/04/27 21:42:31 middleware.go:48: [GIN] 2025/04/27 - 21:42:31 | 200 |   91.166125ms |             ::1 | POST    /api/auth/login 
INFO: 2025/04/27 21:46:07 middleware.go:48: [GIN] 2025/04/27 - 21:46:07 | 401 |     683.167µs |             ::1 | GET     /api/products 
INFO: 2025/04/27 21:46:08 middleware.go:48: [GIN] 2025/04/27 - 21:46:08 | 401 |      17.666µs |             ::1 | GET     /api/products 
INFO: 2025/04/27 21:47:19 middleware.go:48: [GIN] 2025/04/27 - 21:47:19 | 200 |  109.950417ms |             ::1 | POST    /api/auth/login 
INFO: 2025/04/27 21:47:19 middleware.go:48: [GIN] 2025/04/27 - 21:47:19 | 401 |      69.125µs |             ::1 | GET     /api/products 
INFO: 2025/04/27 21:47:19 middleware.go:48: [GIN] 2025/04/27 - 21:47:19 | 501 |       8.917µs |             ::1 | POST    /api/auth/refresh 
INFO: 2025/04/27 21:47:19 middleware.go:48: [GIN] 2025/04/27 - 21:47:19 | 404 |         291ns |             ::1 | POST    /api/auth/logout 
INFO: 2025/04/27 21:47:47 middleware.go:48: [GIN] 2025/04/27 - 21:47:47 | 200 |   86.396208ms |             ::1 | POST    /api/auth/login 
INFO: 2025/04/27 21:47:47 middleware.go:48: [GIN] 2025/04/27 - 21:47:47 | 401 |      63.792µs |             ::1 | GET     /api/products 
INFO: 2025/04/27 21:47:47 middleware.go:48: [GIN] 2025/04/27 - 21:47:47 | 501 |      11.709µs |             ::1 | POST    /api/auth/refresh 
INFO: 2025/04/27 21:47:47 middleware.go:48: [GIN] 2025/04/27 - 21:47:47 | 404 |         417ns |             ::1 | POST    /api/auth/logout 
INFO: 2025/04/27 21:48:06 middleware.go:48: [GIN] 2025/04/27 - 21:48:06 | 200 |   99.780125ms |             ::1 | POST    /api/auth/login 
INFO: 2025/04/27 21:48:06 middleware.go:48: [GIN] 2025/04/27 - 21:48:06 | 401 |      59.334µs |             ::1 | GET     /api/products 
INFO: 2025/04/27 21:48:06 middleware.go:48: [GIN] 2025/04/27 - 21:48:06 | 501 |      13.042µs |             ::1 | POST    /api/auth/refresh 
INFO: 2025/04/27 21:48:06 middleware.go:48: [GIN] 2025/04/27 - 21:48:06 | 404 |         542ns |             ::1 | POST    /api/auth/logout 
INFO: 2025/04/27 21:50:53 middleware.go:48: [GIN] 2025/04/27 - 21:50:53 | 200 |   80.408958ms |             ::1 | POST    /api/auth/login 
INFO: 2025/04/27 21:50:53 middleware.go:48: [GIN] 2025/04/27 - 21:50:53 | 401 |      34.333µs |             ::1 | GET     /api/products 
INFO: 2025/04/27 21:50:53 middleware.go:48: [GIN] 2025/04/27 - 21:50:53 | 501 |       9.833µs |             ::1 | POST    /api/auth/refresh 
INFO: 2025/04/27 21:52:10 middleware.go:48: [GIN] 2025/04/27 - 21:52:10 | 200 |   95.978833ms |             ::1 | POST    /api/auth/login 
INFO: 2025/04/27 21:52:10 middleware.go:48: [GIN] 2025/04/27 - 21:52:10 | 401 |      85.083µs |             ::1 | GET     /api/products 
INFO: 2025/04/27 21:52:10 middleware.go:48: [GIN] 2025/04/27 - 21:52:10 | 501 |       8.291µs |             ::1 | POST    /api/auth/refresh 
INFO: 2025/04/27 21:52:55 middleware.go:48: [GIN] 2025/04/27 - 21:52:55 | 200 |  129.286292ms |             ::1 | POST    /api/auth/login 
INFO: 2025/04/27 21:52:55 middleware.go:48: [GIN] 2025/04/27 - 21:52:55 | 401 |       69.75µs |             ::1 | GET     /api/products 
INFO: 2025/04/27 21:52:56 middleware.go:48: [GIN] 2025/04/27 - 21:52:56 | 401 |      56.708µs |             ::1 | GET     /api/products 
INFO: 2025/04/27 21:52:58 middleware.go:48: [GIN] 2025/04/27 - 21:52:58 | 401 |      50.375µs |             ::1 | GET     /api/products 
INFO: 2025/04/27 21:53:02 middleware.go:48: [GIN] 2025/04/27 - 21:53:02 | 401 |         129µs |             ::1 | GET     /api/products 
INFO: 2025/04/27 21:55:51 middleware.go:48: [GIN] 2025/04/27 - 21:55:51 | 200 |   89.071708ms |             ::1 | POST    /api/auth/login 
INFO: 2025/04/27 21:55:51 middleware.go:48: [GIN] 2025/04/27 - 21:55:51 | 401 |      12.084µs |             ::1 | GET     /api/products 
INFO: 2025/04/27 21:56:08 middleware.go:48: [GIN] 2025/04/27 - 21:56:08 | 200 |     103.518ms |             ::1 | POST    /api/auth/login 
INFO: 2025/04/27 21:56:08 middleware.go:48: [GIN] 2025/04/27 - 21:56:08 | 401 |       32.75µs |             ::1 | GET     /api/products 
INFO: 2025/04/27 21:56:46 middleware.go:48: [GIN] 2025/04/27 - 21:56:46 | 200 |   96.908333ms |             ::1 | POST    /api/auth/login 
INFO: 2025/04/27 21:56:46 middleware.go:48: [GIN] 2025/04/27 - 21:56:46 | 401 |     200.917µs |             ::1 | GET     /api/products 
INFO: 2025/04/27 21:56:47 middleware.go:48: [GIN] 2025/04/27 - 21:56:47 | 401 |      37.917µs |             ::1 | GET     /api/products 
INFO: 2025/04/27 21:56:49 middleware.go:48: [GIN] 2025/04/27 - 21:56:49 | 401 |      57.292µs |             ::1 | GET     /api/products 
INFO: 2025/04/27 21:56:53 middleware.go:48: [GIN] 2025/04/27 - 21:56:53 | 401 |      41.209µs |             ::1 | GET     /api/products 
INFO: 2025/04/27 22:02:55 middleware.go:48: [GIN] 2025/04/27 - 22:02:55 | 200 |   95.904375ms |             ::1 | POST    /api/auth/login 
INFO: 2025/04/27 22:02:55 middleware.go:48: [GIN] 2025/04/27 - 22:02:55 | 401 |      196.75µs |             ::1 | GET     /api/products 
INFO: 2025/04/27 22:06:10 middleware.go:48: [GIN] 2025/04/27 - 22:06:10 | 200 |    93.87875ms |             ::1 | POST    /api/auth/login 
INFO: 2025/04/27 22:06:10 middleware.go:48: [GIN] 2025/04/27 - 22:06:10 | 401 |      20.333µs |             ::1 | GET     /api/products 
INFO: 2025/04/27 22:08:18 middleware.go:48: [GIN] 2025/04/27 - 22:08:18 | 200 |  102.826959ms |             ::1 | POST    /api/auth/login 
INFO: 2025/04/27 22:08:18 middleware.go:48: [GIN] 2025/04/27 - 22:08:18 | 401 |      31.208µs |             ::1 | GET     /api/products 
INFO: 2025/04/27 22:08:19 middleware.go:48: [GIN] 2025/04/27 - 22:08:19 | 401 |       2.538ms |             ::1 | GET     /api/products 
INFO: 2025/04/27 22:08:21 middleware.go:48: [GIN] 2025/04/27 - 22:08:21 | 401 |      63.916µs |             ::1 | GET     /api/products 
INFO: 2025/04/27 22:08:25 middleware.go:48: [GIN] 2025/04/27 - 22:08:25 | 401 |          58µs |             ::1 | GET     /api/products 
INFO: 2025/04/27 22:09:17 middleware.go:48: [GIN] 2025/04/27 - 22:09:17 | 200 |  107.041917ms |             ::1 | POST    /api/auth/login 
INFO: 2025/04/27 22:09:17 middleware.go:48: [GIN] 2025/04/27 - 22:09:17 | 401 |       152.5µs |             ::1 | GET     /api/products 
INFO: 2025/04/27 22:09:18 middleware.go:48: [GIN] 2025/04/27 - 22:09:18 | 401 |     107.084µs |             ::1 | GET     /api/products 
INFO: 2025/04/27 22:09:20 middleware.go:48: [GIN] 2025/04/27 - 22:09:20 | 401 |          71µs |             ::1 | GET     /api/products 
INFO: 2025/04/27 22:09:24 middleware.go:48: [GIN] 2025/04/27 - 22:09:24 | 401 |      28.208µs |             ::1 | GET     /api/products 
INFO: 2025/04/27 22:09:54 middleware.go:48: [GIN] 2025/04/27 - 22:09:54 | 200 |   95.303167ms |             ::1 | POST    /api/auth/login 
INFO: 2025/04/27 22:09:54 middleware.go:48: [GIN] 2025/04/27 - 22:09:54 | 401 |      30.125µs |             ::1 | GET     /api/products 
INFO: 2025/04/27 22:09:55 middleware.go:48: [GIN] 2025/04/27 - 22:09:55 | 401 |      83.417µs |             ::1 | GET     /api/products 
INFO: 2025/04/27 22:09:57 middleware.go:48: [GIN] 2025/04/27 - 22:09:57 | 401 |      42.167µs |             ::1 | GET     /api/products 
INFO: 2025/04/27 22:10:01 middleware.go:48: [GIN] 2025/04/27 - 22:10:01 | 401 |      44.958µs |             ::1 | GET     /api/products 
INFO: 2025/04/27 22:12:19 middleware.go:48: [GIN] 2025/04/27 - 22:12:19 | 401 |         260µs |             ::1 | GET     /api/products 
INFO: 2025/04/27 22:12:48 middleware.go:48: [GIN] 2025/04/27 - 22:12:48 | 401 |     106.167µs |             ::1 | GET     /api/products 
INFO: 2025/04/27 22:12:52 middleware.go:48: [GIN] 2025/04/27 - 22:12:52 | 401 |     662.167µs |             ::1 | GET     /api/products 
INFO: 2025/04/27 22:17:16 middleware.go:49: [GIN] 2025/04/27 - 22:17:16 | 200 |    5.013834ms |             ::1 | GET     /api/products 
INFO: 2025/04/27 22:17:20 middleware.go:49: [GIN] 2025/04/27 - 22:17:20 | 200 |    2.932875ms |             ::1 | GET     /api/products 
INFO: 2025/04/27 22:18:30 middleware.go:49: [GIN] 2025/04/27 - 22:18:30 | 200 |    2.677708ms |             ::1 | GET     /api/products 
INFO: 2025/04/27 22:19:17 middleware.go:49: [GIN] 2025/04/27 - 22:19:17 | 400 |     741.125µs |             ::1 | POST    /api/products 
INFO: 2025/04/27 22:19:20 middleware.go:49: [GIN] 2025/04/27 - 22:19:20 | 400 |     358.042µs |             ::1 | POST    /api/products 
INFO: 2025/04/28 00:36:51 middleware.go:49: [GIN] 2025/04/28 - 00:36:51 | 400 |    5.856334ms |             ::1 | POST    /api/products 
INFO: 2025/04/28 00:40:51 middleware.go:49: [GIN] 2025/04/28 - 00:40:51 | 400 |     592.291µs |             ::1 | POST    /api/products 
INFO: 2025/04/28 00:55:43 middleware.go:49: [GIN] 2025/04/28 - 00:55:43 | 201 |      81.954ms |             ::1 | POST    /api/products 
INFO: 2025/04/28 00:55:43 middleware.go:49: [GIN] 2025/04/28 - 00:55:43 | 200 |   16.831208ms |             ::1 | GET     /api/products 
INFO: 2025/04/28 00:56:36 middleware.go:49: [GIN] 2025/04/28 - 00:56:36 | 200 |    1.740916ms |             ::1 | GET     /api/products 
INFO: 2025/04/28 00:57:10 middleware.go:49: [GIN] 2025/04/28 - 00:57:10 | 200 |    2.408208ms |             ::1 | GET     /api/products 
INFO: 2025/04/28 00:57:46 middleware.go:49: [GIN] 2025/04/28 - 00:57:46 | 200 |    3.882125ms |             ::1 | GET     /api/products 
INFO: 2025/04/28 11:18:12 middleware.go:49: [GIN] 2025/04/28 - 11:18:12 | 200 |   61.349209ms |             ::1 | GET     /api/products 
INFO: 2025/04/28 11:20:05 middleware.go:49: [GIN] 2025/04/28 - 11:20:05 | 200 |      1.7185ms |             ::1 | GET     /api/products 
INFO: 2025/04/28 11:30:17 middleware.go:49: [GIN] 2025/04/28 - 11:30:17 | 201 |      51.711ms |             ::1 | POST    /api/products 
INFO: 2025/04/28 11:30:17 middleware.go:49: [GIN] 2025/04/28 - 11:30:17 | 200 |    7.845292ms |             ::1 | GET     /api/products 
INFO: 2025/04/28 11:30:37 middleware.go:49: [GIN] 2025/04/28 - 11:30:37 | 200 |     4.96025ms |             ::1 | GET     /api/products 
INFO: 2025/04/28 11:31:05 middleware.go:49: [GIN] 2025/04/28 - 11:31:05 | 200 |    3.673417ms |             ::1 | GET     /api/products 
INFO: 2025/04/28 11:31:11 middleware.go:49: [GIN] 2025/04/28 - 11:31:11 | 200 |    2.802667ms |             ::1 | GET     /api/products 
INFO: 2025/04/28 11:37:26 middleware.go:49: [GIN] 2025/04/28 - 11:37:26 | 200 |     22.2375ms |             ::1 | GET     /api/products 
INFO: 2025/04/28 11:38:56 middleware.go:49: [GIN] 2025/04/28 - 11:38:56 | 201 |   18.854959ms |             ::1 | POST    /api/products 
INFO: 2025/04/28 11:38:56 middleware.go:49: [GIN] 2025/04/28 - 11:38:56 | 200 |    3.265542ms |             ::1 | GET     /api/products 
INFO: 2025/04/28 11:40:15 middleware.go:49: [GIN] 2025/04/28 - 11:40:15 | 200 |    7.864083ms |             ::1 | GET     /api/products 
INFO: 2025/04/28 11:41:48 middleware.go:49: [GIN] 2025/04/28 - 11:41:48 | 500 |   14.673417ms |             ::1 | POST    /api/products 
INFO: 2025/04/28 11:43:10 middleware.go:49: [GIN] 2025/04/28 - 11:43:10 | 201 |    7.636458ms |             ::1 | POST    /api/products 
INFO: 2025/04/28 11:43:10 middleware.go:49: [GIN] 2025/04/28 - 11:43:10 | 200 |   10.758041ms |             ::1 | GET     /api/products 
INFO: 2025/04/28 11:46:28 middleware.go:49: [GIN] 2025/04/28 - 11:46:28 | 200 |    5.988875ms |             ::1 | GET     /api/products 
INFO: 2025/04/28 11:46:33 middleware.go:49: [GIN] 2025/04/28 - 11:46:33 | 200 |    3.319125ms |             ::1 | GET     /api/products 
INFO: 2025/04/28 11:51:15 middleware.go:49: [GIN] 2025/04/28 - 11:51:15 | 200 |   43.182625ms |             ::1 | GET     /api/products 
INFO: 2025/04/28 11:51:25 middleware.go:49: [GIN] 2025/04/28 - 11:51:25 | 200 |    4.007041ms |             ::1 | GET     /api/products 
INFO: 2025/04/28 11:53:47 middleware.go:49: [GIN] 2025/04/28 - 11:53:47 | 201 |      36.706ms |             ::1 | POST    /api/products 
INFO: 2025/04/28 11:53:47 middleware.go:49: [GIN] 2025/04/28 - 11:53:47 | 200 |   12.202042ms |             ::1 | GET     /api/products 
